C:\Users\christophe.sacchi\source\repos\roombookingapi\webClient\AngularApi\dist\out-tsc\e2e\src\app.po.js
C:\Users\christophe.sacchi\source\repos\roombookingapi\webClient\AngularApi\dist\out-tsc\e2e\src\app.po.js.map
C:\Users\christophe.sacchi\source\repos\roombookingapi\webClient\AngularApi\dist\out-tsc\e2e\src\app.e2e-spec.js
C:\Users\christophe.sacchi\source\repos\roombookingapi\webClient\AngularApi\dist\out-tsc\e2e\src\app.e2e-spec.js.map
C:\Users\christophe.sacchi\source\repos\roombookingapi\webClient\AngularApi\dist\out-tsc\src\app\pages\error-pages\page-not-found\page-not-found.component.js
C:\Users\christophe.sacchi\source\repos\roombookingapi\webClient\AngularApi\dist\out-tsc\src\app\pages\error-pages\page-not-found\page-not-found.component.js.map
C:\Users\christophe.sacchi\source\repos\roombookingapi\webClient\AngularApi\dist\out-tsc\src\app\shared\models\agency.model.js
C:\Users\christophe.sacchi\source\repos\roombookingapi\webClient\AngularApi\dist\out-tsc\src\app\shared\models\agency.model.js.map
C:\Users\christophe.sacchi\source\repos\roombookingapi\webClient\AngularApi\dist\out-tsc\src\app\shared\environment\environment.js
C:\Users\christophe.sacchi\source\repos\roombookingapi\webClient\AngularApi\dist\out-tsc\src\app\shared\environment\environment.js.map
C:\Users\christophe.sacchi\source\repos\roombookingapi\webClient\AngularApi\dist\out-tsc\src\app\shared\services\environment-url.service.js
C:\Users\christophe.sacchi\source\repos\roombookingapi\webClient\AngularApi\dist\out-tsc\src\app\shared\services\environment-url.service.js.map
C:\Users\christophe.sacchi\source\repos\roombookingapi\webClient\AngularApi\dist\out-tsc\src\app\shared\services\repository.service.js
C:\Users\christophe.sacchi\source\repos\roombookingapi\webClient\AngularApi\dist\out-tsc\src\app\shared\services\repository.service.js.map
C:\Users\christophe.sacchi\source\repos\roombookingapi\webClient\AngularApi\dist\out-tsc\src\app\shared\services\error-handler.service.js
C:\Users\christophe.sacchi\source\repos\roombookingapi\webClient\AngularApi\dist\out-tsc\src\app\shared\services\error-handler.service.js.map
C:\Users\christophe.sacchi\source\repos\roombookingapi\webClient\AngularApi\dist\out-tsc\src\app\pages\agencies\agencies.component.js
C:\Users\christophe.sacchi\source\repos\roombookingapi\webClient\AngularApi\dist\out-tsc\src\app\pages\agencies\agencies.component.js.map
C:\Users\christophe.sacchi\source\repos\roombookingapi\webClient\AngularApi\dist\out-tsc\src\app\shared\models\room.model.js
C:\Users\christophe.sacchi\source\repos\roombookingapi\webClient\AngularApi\dist\out-tsc\src\app\shared\models\room.model.js.map
C:\Users\christophe.sacchi\source\repos\roombookingapi\webClient\AngularApi\dist\out-tsc\src\app\pages\room-plan\room-plan.component.js
C:\Users\christophe.sacchi\source\repos\roombookingapi\webClient\AngularApi\dist\out-tsc\src\app\pages\room-plan\room-plan.component.js.map
C:\Users\christophe.sacchi\source\repos\roombookingapi\webClient\AngularApi\dist\out-tsc\src\app\pages\error-pages\internal-server\internal-server.component.js
C:\Users\christophe.sacchi\source\repos\roombookingapi\webClient\AngularApi\dist\out-tsc\src\app\pages\error-pages\internal-server\internal-server.component.js.map
C:\Users\christophe.sacchi\source\repos\roombookingapi\webClient\AngularApi\dist\out-tsc\src\app\shared\models\user.model.js
C:\Users\christophe.sacchi\source\repos\roombookingapi\webClient\AngularApi\dist\out-tsc\src\app\shared\models\user.model.js.map
C:\Users\christophe.sacchi\source\repos\roombookingapi\webClient\AngularApi\dist\out-tsc\src\app\shared\models\reservation.model.js
C:\Users\christophe.sacchi\source\repos\roombookingapi\webClient\AngularApi\dist\out-tsc\src\app\shared\models\reservation.model.js.map
C:\Users\christophe.sacchi\source\repos\roombookingapi\webClient\AngularApi\dist\out-tsc\src\app\pages\my-booking\my-booking.component.js
C:\Users\christophe.sacchi\source\repos\roombookingapi\webClient\AngularApi\dist\out-tsc\src\app\pages\my-booking\my-booking.component.js.map
C:\Users\christophe.sacchi\source\repos\roombookingapi\webClient\AngularApi\dist\out-tsc\src\app\app-routing.module.js
C:\Users\christophe.sacchi\source\repos\roombookingapi\webClient\AngularApi\dist\out-tsc\src\app\app-routing.module.js.map
C:\Users\christophe.sacchi\source\repos\roombookingapi\webClient\AngularApi\dist\out-tsc\src\app\app.component.js
C:\Users\christophe.sacchi\source\repos\roombookingapi\webClient\AngularApi\dist\out-tsc\src\app\app.component.js.map
C:\Users\christophe.sacchi\source\repos\roombookingapi\webClient\AngularApi\dist\out-tsc\src\app\shared\models\equipment.model.js
C:\Users\christophe.sacchi\source\repos\roombookingapi\webClient\AngularApi\dist\out-tsc\src\app\shared\models\equipment.model.js.map
C:\Users\christophe.sacchi\source\repos\roombookingapi\webClient\AngularApi\dist\out-tsc\src\app\shared\models\equipmentRooms.model.js
C:\Users\christophe.sacchi\source\repos\roombookingapi\webClient\AngularApi\dist\out-tsc\src\app\shared\models\equipmentRooms.model.js.map
C:\Users\christophe.sacchi\source\repos\roombookingapi\webClient\AngularApi\dist\out-tsc\src\app\pages\room-plan\booking\booking.component.js
C:\Users\christophe.sacchi\source\repos\roombookingapi\webClient\AngularApi\dist\out-tsc\src\app\pages\room-plan\booking\booking.component.js.map
C:\Users\christophe.sacchi\source\repos\roombookingapi\webClient\AngularApi\dist\out-tsc\src\app\app.module.js
C:\Users\christophe.sacchi\source\repos\roombookingapi\webClient\AngularApi\dist\out-tsc\src\app\app.module.js.map
C:\Users\christophe.sacchi\source\repos\roombookingapi\webClient\AngularApi\dist\out-tsc\src\main.js
C:\Users\christophe.sacchi\source\repos\roombookingapi\webClient\AngularApi\dist\out-tsc\src\main.js.map
C:\Users\christophe.sacchi\source\repos\roombookingapi\webClient\AngularApi\dist\out-tsc\src\polyfills.js
C:\Users\christophe.sacchi\source\repos\roombookingapi\webClient\AngularApi\dist\out-tsc\src\polyfills.js.map
C:\Users\christophe.sacchi\source\repos\roombookingapi\webClient\AngularApi\dist\out-tsc\src\test.js
C:\Users\christophe.sacchi\source\repos\roombookingapi\webClient\AngularApi\dist\out-tsc\src\test.js.map
C:\Users\christophe.sacchi\source\repos\roombookingapi\webClient\AngularApi\dist\out-tsc\src\app\app.component.spec.js
C:\Users\christophe.sacchi\source\repos\roombookingapi\webClient\AngularApi\dist\out-tsc\src\app\app.component.spec.js.map
C:\Users\christophe.sacchi\source\repos\roombookingapi\webClient\AngularApi\dist\out-tsc\src\app\pages\agencies\agencies.component.spec.js
C:\Users\christophe.sacchi\source\repos\roombookingapi\webClient\AngularApi\dist\out-tsc\src\app\pages\agencies\agencies.component.spec.js.map
C:\Users\christophe.sacchi\source\repos\roombookingapi\webClient\AngularApi\dist\out-tsc\src\app\pages\error-pages\internal-server\internal-server.component.spec.js
C:\Users\christophe.sacchi\source\repos\roombookingapi\webClient\AngularApi\dist\out-tsc\src\app\pages\error-pages\internal-server\internal-server.component.spec.js.map
C:\Users\christophe.sacchi\source\repos\roombookingapi\webClient\AngularApi\dist\out-tsc\src\app\pages\error-pages\page-not-found\page-not-found.component.spec.js
C:\Users\christophe.sacchi\source\repos\roombookingapi\webClient\AngularApi\dist\out-tsc\src\app\pages\error-pages\page-not-found\page-not-found.component.spec.js.map
C:\Users\christophe.sacchi\source\repos\roombookingapi\webClient\AngularApi\dist\out-tsc\src\app\pages\my-booking\my-booking.component.spec.js
C:\Users\christophe.sacchi\source\repos\roombookingapi\webClient\AngularApi\dist\out-tsc\src\app\pages\my-booking\my-booking.component.spec.js.map
C:\Users\christophe.sacchi\source\repos\roombookingapi\webClient\AngularApi\dist\out-tsc\src\app\pages\room-plan\room-plan.component.spec.js
C:\Users\christophe.sacchi\source\repos\roombookingapi\webClient\AngularApi\dist\out-tsc\src\app\pages\room-plan\room-plan.component.spec.js.map
C:\Users\christophe.sacchi\source\repos\roombookingapi\webClient\AngularApi\dist\out-tsc\src\app\pages\room-plan\booking\booking.component.spec.js
C:\Users\christophe.sacchi\source\repos\roombookingapi\webClient\AngularApi\dist\out-tsc\src\app\pages\room-plan\booking\booking.component.spec.js.map
C:\Users\christophe.sacchi\source\repos\roombookingapi\webClient\AngularApi\dist\out-tsc\src\app\shared\environment\environment.prod.js
C:\Users\christophe.sacchi\source\repos\roombookingapi\webClient\AngularApi\dist\out-tsc\src\app\shared\environment\environment.prod.js.map
C:\Users\christophe.sacchi\source\repos\roombookingapi\webClient\AngularApi\dist\out-tsc\src\app\shared\services\new-service.service.js
C:\Users\christophe.sacchi\source\repos\roombookingapi\webClient\AngularApi\dist\out-tsc\src\app\shared\services\new-service.service.js.map
